CS240: . cs240 Mon 07 Nov 2022 02:38:31 PM EST  Total:  0 of 95
CS240: . npisolka Thu 01 Dec 2022 09:15:07 PM EST  Total:  0 of 95
CS240: . npisolka Thu 01 Dec 2022 09:21:22 PM EST  Total:  5 of 95
CS240: . npisolka Thu 01 Dec 2022 09:35:33 PM EST  Total:  5 of 95
CS240: . npisolka Thu 01 Dec 2022 09:51:35 PM EST  Total:  5 of 95
CS240: . npisolka Thu 01 Dec 2022 10:04:03 PM EST  Total:  5 of 95
CS240: . npisolka Thu 01 Dec 2022 10:15:27 PM EST  Total:  5 of 95
CS240: . npisolka Thu 01 Dec 2022 10:28:27 PM EST  Total:  5 of 95
CS240: . npisolka Thu 01 Dec 2022 10:50:56 PM EST  Total:  5 of 95
CS240: . npisolka Thu 01 Dec 2022 10:57:04 PM EST  Total:  5 of 95
CS240: . npisolka Thu 01 Dec 2022 11:02:30 PM EST  Total:  5 of 95
CS240: . npisolka Fri 02 Dec 2022 11:41:11 AM EST  Total:  5 of 95
CS240: . npisolka Fri 02 Dec 2022 11:56:08 AM EST  Total:  5 of 95
CS240: . npisolka Fri 02 Dec 2022 11:58:37 AM EST  Total:  5 of 95
CS240: . npisolka Fri 02 Dec 2022 12:00:58 PM EST  Total:  5 of 95
CS240: . npisolka Fri 02 Dec 2022 12:08:08 PM EST  Total:  5 of 95
CS240: . npisolka Fri 02 Dec 2022 12:17:18 PM EST  Total:  5 of 95
CS240: . npisolka Fri 02 Dec 2022 12:26:59 PM EST  Total:  5 of 95
CS240: . npisolka Fri 02 Dec 2022 12:27:43 PM EST  Total:  5 of 95
CS240: . npisolka Fri 02 Dec 2022 12:28:38 PM EST  Total:  15 of 95
CS240: . npisolka Fri 02 Dec 2022 12:33:26 PM EST  Total:  15 of 95
CS240: . npisolka Fri 02 Dec 2022 12:34:17 PM EST  Total:  15 of 95
CS240: . npisolka Fri 02 Dec 2022 12:38:46 PM EST  Total:  15 of 95
CS240: . npisolka Fri 02 Dec 2022 12:40:18 PM EST  Total:  15 of 95
CS240: . npisolka Fri 02 Dec 2022 12:45:06 PM EST  Total:  15 of 95
CS240: . npisolka Fri 02 Dec 2022 12:47:57 PM EST  Total:  15 of 95
CS240: . npisolka Fri 02 Dec 2022 12:59:20 PM EST  Total:  15 of 95
CS240: . npisolka Fri 02 Dec 2022 01:00:56 PM EST  Total:  15 of 95
CS240: . npisolka Fri 02 Dec 2022 01:09:27 PM EST  Total:  15 of 95
CS240: . npisolka Fri 02 Dec 2022 01:10:42 PM EST  Total:  15 of 95
CS240: . npisolka Fri 02 Dec 2022 01:18:00 PM EST  Total:  15 of 95
CS240: . npisolka Fri 02 Dec 2022 01:33:37 PM EST  Total:  15 of 95
CS240: . npisolka Fri 02 Dec 2022 01:36:23 PM EST  Total:  15 of 95
CS240: . npisolka Fri 02 Dec 2022 01:48:40 PM EST  Total:  15 of 95
CS240: . npisolka Fri 02 Dec 2022 01:54:27 PM EST  Total:  15 of 95
CS240: . npisolka Fri 02 Dec 2022 02:03:27 PM EST  Total:  15 of 95
CS240: . npisolka Fri 02 Dec 2022 02:06:36 PM EST  Total:  15 of 95
CS240: . npisolka Fri 02 Dec 2022 02:07:06 PM EST  Total:  30 of 95
CS240: . npisolka Fri 02 Dec 2022 02:08:47 PM EST  Total:  30 of 95
CS240: . npisolka Fri 02 Dec 2022 03:03:11 PM EST  Total:  30 of 95
CS240: . npisolka Fri 02 Dec 2022 03:16:03 PM EST  Total:  30 of 95
CS240: . npisolka Fri 02 Dec 2022 03:16:44 PM EST  Total:  30 of 95
CS240: . npisolka Fri 02 Dec 2022 03:18:15 PM EST  Total:  30 of 95
CS240: . npisolka Fri 02 Dec 2022 03:23:46 PM EST  Total:  30 of 95
CS240: . npisolka Fri 02 Dec 2022 03:26:40 PM EST  Total:  30 of 95
CS240: . npisolka Sun 04 Dec 2022 04:16:16 PM EST  Total:  30 of 95
CS240: . npisolka Sun 04 Dec 2022 04:57:51 PM EST  Total:  35 of 95
CS240: . npisolka Mon 05 Dec 2022 02:09:05 PM EST  Total:  50 of 95
CS240: . npisolka Mon 05 Dec 2022 02:11:12 PM EST  Total:  50 of 95
CS240: . npisolka Mon 05 Dec 2022 02:22:01 PM EST  Total:  50 of 95
CS240: . npisolka Mon 05 Dec 2022 02:35:19 PM EST  Total:  50 of 95
CS240: . npisolka Mon 05 Dec 2022 02:58:27 PM EST  Total:  50 of 95
CS240: . npisolka Mon 05 Dec 2022 03:30:23 PM EST  Total:  50 of 95
CS240: . npisolka Mon 05 Dec 2022 03:32:10 PM EST  Total:  55 of 95
CS240: . npisolka Mon 05 Dec 2022 03:32:50 PM EST  Total:  65 of 95
CS240: . npisolka Mon 05 Dec 2022 04:02:07 PM EST  Total:  70 of 95
CS240: . npisolka Mon 05 Dec 2022 04:07:21 PM EST  Total:  70 of 95
CS240: . npisolka Tue 06 Dec 2022 03:40:49 PM EST  Total:  70 of 95
CS240: . npisolka Tue 06 Dec 2022 03:50:38 PM EST  Total:  70 of 95
CS240: . npisolka Tue 06 Dec 2022 04:19:02 PM EST  Total:  60 of 95
CS240: . npisolka Tue 06 Dec 2022 05:16:35 PM EST  Total:  60 of 95
CS240: . npisolka Tue 06 Dec 2022 05:18:12 PM EST  Total:  60 of 95
CS240: . npisolka Tue 06 Dec 2022 05:19:21 PM EST  Total:  70 of 95
CS240: . npisolka Tue 06 Dec 2022 05:30:02 PM EST  Total:  70 of 95
CS240: . npisolka Tue 06 Dec 2022 05:41:57 PM EST  Total:  70 of 95
CS240: . npisolka Tue 06 Dec 2022 05:42:43 PM EST  Total:  70 of 95
CS240: . npisolka Tue 06 Dec 2022 05:53:38 PM EST  Total:  70 of 95
CS240: . npisolka Tue 06 Dec 2022 06:07:11 PM EST  Total:  70 of 95
CS240: . npisolka Tue 06 Dec 2022 06:11:11 PM EST  Total:  70 of 95
CS240: . npisolka Tue 06 Dec 2022 06:28:53 PM EST  Total:  70 of 95
CS240: . npisolka Tue 06 Dec 2022 06:37:39 PM EST  Total:  60 of 95
CS240: . npisolka Tue 06 Dec 2022 06:39:40 PM EST  Total:  60 of 95
CS240: . npisolka Tue 06 Dec 2022 08:14:19 PM EST  Total:  60 of 95
CS240: . npisolka Tue 06 Dec 2022 08:16:44 PM EST  Total:  65 of 95
CS240: . npisolka Tue 06 Dec 2022 08:20:36 PM EST  Total:  70 of 95
CS240: . npisolka Tue 06 Dec 2022 08:27:42 PM EST  Total:  70 of 95
CS240: . npisolka Wed 07 Dec 2022 09:02:57 AM EST  Total:  70 of 95
CS240: . npisolka Wed 07 Dec 2022 09:14:08 AM EST  Total:  70 of 95
CS240: . npisolka Wed 07 Dec 2022 09:17:37 AM EST  Total:  70 of 95
CS240: . npisolka Wed 07 Dec 2022 09:24:31 AM EST  Total:  70 of 95
CS240: . npisolka Wed 07 Dec 2022 09:30:15 AM EST  Total:  70 of 95
CS240: . npisolka Wed 07 Dec 2022 09:33:55 AM EST  Total:  60 of 95
CS240: . npisolka Wed 07 Dec 2022 09:37:19 AM EST  Total:  60 of 95
CS240: . npisolka Wed 07 Dec 2022 09:50:05 AM EST  Total:  70 of 95
CS240: . npisolka Wed 07 Dec 2022 09:51:00 AM EST  Total:  70 of 95
CS240: . npisolka Wed 07 Dec 2022 09:51:27 AM EST  Total:  75 of 95
CS240: . npisolka Wed 07 Dec 2022 10:00:54 AM EST  Total:  75 of 95
CS240: . npisolka Wed 07 Dec 2022 10:11:35 AM EST  Total:  95 of 95
CS240: . npisolka Fri 09 Dec 2022 02:22:24 PM EST  Total:  95 of 95
CS240: . npisolka Fri 09 Dec 2022 02:23:44 PM EST  Total:  95 of 95
CS240: . npisolka Thu 15 Dec 2022 03:03:33 PM EST  Total:  50 of 95
